<?xml version="1.0" encoding="UTF-8"?>
<testsuite xmlns:xsi="http://www.w3.org/2001/XMLSchema-instance" xsi:noNamespaceSchemaLocation="https://maven.apache.org/surefire/maven-surefire-plugin/xsd/surefire-test-report.xsd" version="3.0.2" name="com.rore_int.vpp.VppApplicationTests" time="3.263" tests="1" errors="0" skipped="0" failures="0">
  <properties>
[...]
</properties>
  <testcase name="contextLoads" classname="com.rore_int.vpp.VppApplicationTests" time="0.006">
    <system-out><![CDATA[
  .   ____          _            __ _ _
 /\\ / ___'_ __ _ _(_)_ __  __ _ \ \ \ \
( ( )\___ | '_ | '_| | '_ \/ _` | \ \ \ \
 \\/  ___)| |_)| | | | | || (_| |  ) ) ) )
  '  |____| .__|_| |_|_| |_\__, | / / / /
 =========|_|==============|___/=/_/_/_/

 :: Spring Boot ::                (v3.3.4)

2025-05-13 11:43:48 INFO  [main] c.rore_int.vpp.VppApplicationTests - Starting VppApplicationTests using Java 23.0.2 with PID 413 (started by tahmidhamim in /Users/tahmidhamim/Desktop/Work/Assessment/rore-int/vpp)
2025-05-13 11:43:48 INFO  [main] c.rore_int.vpp.VppApplicationTests - No active profile set, falling back to 1 default profile: "default"
2025-05-13 11:43:50 WARN  [main] com.zaxxer.hikari.HikariConfig - HikariPool-2 - idleTimeout is close to or more than maxLifetime, disabling it.
2025-05-13 11:43:50 WARN  [main] org.hibernate.orm.deprecation - HHH90000025: PostgreSQLDialect does not need to be specified explicitly using 'hibernate.dialect' (remove the property setting and it will be selected by default)
Hibernate: drop table if exists batteries cascade
2025-05-13 11:43:50 WARN  [main] o.h.e.jdbc.spi.SqlExceptionHelper - SQL Warning Code: 0, SQLState: 00000
2025-05-13 11:43:50 WARN  [main] o.h.e.jdbc.spi.SqlExceptionHelper - table "batteries" does not exist, skipping
Hibernate: create table batteries (capacity integer check (capacity>=1), id bigint generated by default as identity, name varchar(255) not null, postcode varchar(255) not null, primary key (id))
2025-05-13 11:43:51 WARN  [main] o.s.b.a.o.j.JpaBaseConfiguration$JpaWebConfiguration - spring.jpa.open-in-view is enabled by default. Therefore, database queries may be performed during view rendering. Explicitly configure spring.jpa.open-in-view to disable this warning
2025-05-13 11:43:52 INFO  [main] c.rore_int.vpp.VppApplicationTests - Started VppApplicationTests in 3.166 seconds (process running for 19.656)
]]></system-out>
  </testcase>
</testsuite>